C51 COMPILER V9.57.0.0   SHUMAGUAN                                                         11/04/2023 18:56:08 PAGE 1   


C51 COMPILER V9.57.0.0, COMPILATION OF MODULE SHUMAGUAN
OBJECT MODULE PLACED IN .\Objects\shumaguan.obj
COMPILER INVOKED BY: D:\software\keil\C51\BIN\C51.EXE shumaguan.c OPTIMIZE(8,SPEED) BROWSE DEBUG OBJECTEXTEND PRINT(.\Li
                    -stings\shumaguan.lst) TABS(2) OBJECT(.\Objects\shumaguan.obj)

line level    source

   1          #include <REGX52.H>
   2          void shumaguan(int keyNumber)
   3          {
   4   1            if(keyNumber==0)
   5   1            {P0=0x3F;}
   6   1            if(keyNumber==1)
   7   1            {P0=0x06;}
   8   1            if(keyNumber==2)
   9   1            {P0=0x5B;}
  10   1            if(keyNumber==3)
  11   1            {P0=0x4F;}
  12   1            if(keyNumber==4)
  13   1            {P0=0x66;}
  14   1            if(keyNumber==5)
  15   1            {P0=0x6D;}
  16   1            if(keyNumber==6)
  17   1            {P0=0x7D;}
  18   1            if(keyNumber==7)
  19   1            {P0=0x07;}
  20   1            if(keyNumber==8)
  21   1            {P0=0x7F;}
  22   1            if(keyNumber==9)
  23   1            {P0=0x6F;}
  24   1            if(keyNumber>=10)
  25   1            {P0=0x40;}
  26   1      }


MODULE INFORMATION:   STATIC OVERLAYABLE
   CODE SIZE        =    103    ----
   CONSTANT SIZE    =   ----    ----
   XDATA SIZE       =   ----    ----
   PDATA SIZE       =   ----    ----
   DATA SIZE        =   ----    ----
   IDATA SIZE       =   ----    ----
   BIT SIZE         =   ----    ----
END OF MODULE INFORMATION.


C51 COMPILATION COMPLETE.  0 WARNING(S),  0 ERROR(S)
